Case #1: NO YES YES
Case #2: NO YES NO
Case #3: YES YES YES
Case #4: YES YES YES
Case #5: YES YES YES
Case #6: YES YES YES
Case #7: YES YES YES
Case #8: NO YES NO
Case #9: YES NO YES
Case #10: YES YES NO
Case #11: YES YES YES
Case #12: NO NO YES
Case #13: YES YES NO
Case #14: YES YES YES
Case #15: NO YES YES
Case #16: YES YES YES
Case #17: YES YES YES
Case #18: YES YES YES
Case #19: YES YES YES
Case #20: YES NO NO
Case #21: YES YES NO
Case #22: YES YES YES
Case #23: YES YES NO
Case #24: YES YES YES
Case #25: YES NO YES
Case #26: YES YES YES
Case #27: YES YES YES
Case #28: NO YES NO
Case #29: YES NO NO
Case #30: NO NO YES
Case #31: NO YES YES
Case #32: YES YES NO
Case #33: YES YES NO
Case #34: NO YES YES
Case #35: YES YES YES
Case #36: NO YES NO
Case #37: NO YES YES
Case #38: NO YES NO
Case #39: YES YES YES
Case #40: YES YES YES
Case #41: YES NO NO
Case #42: YES NO YES
Case #43: NO YES NO
Case #44: YES YES YES
Case #45: NO YES NO
Case #46: YES NO NO
Case #47: YES YES YES
Case #48: YES NO YES
Case #49: NO NO YES
Case #50: YES YES YES
Case #51: YES YES YES
Case #52: NO YES NO
Case #53: YES YES NO
Case #54: NO YES NO
Case #55: YES YES YES
Case #56: NO YES YES
Case #57: YES YES YES
Case #58: YES NO NO
Case #59: NO YES NO
Case #60: YES YES YES
Case #61: NO YES NO
Case #62: YES NO YES
Case #63: NO NO YES
Case #64: NO YES NO
Case #65: YES YES YES
Case #66: NO NO YES
Case #67: YES YES YES
Case #68: YES YES NO
Case #69: YES YES YES
Case #70: YES YES YES
Case #71: NO YES NO
Case #72: NO YES YES
Case #73: YES NO NO
Case #74: YES YES YES
Case #75: YES NO YES
Case #76: YES YES YES
Case #77: YES YES YES
Case #78: YES YES YES
Case #79: YES YES YES
Case #80: YES YES YES
Case #81: YES YES YES
Case #82: NO NO YES
Case #83: YES YES YES
Case #84: YES YES NO
Case #85: NO YES NO
Case #86: YES YES YES
Case #87: YES YES YES
Case #88: YES NO NO
Case #89: YES NO NO
Case #90: NO YES NO
Case #91: NO YES YES
Case #92: YES YES YES
Case #93: NO NO YES
Case #94: NO YES NO
Case #95: YES YES NO
Case #96: YES YES YES
Case #97: YES NO YES
Case #98: YES NO YES
Case #99: YES YES YES
Case #100: YES YES YES
