Case #1: NO YES YES
Case #2: NO YES NO
Case #3: NO YES NO
Case #4: YES NO NO
Case #5: YES YES YES
Case #6: YES YES YES
Case #7: NO YES YES
Case #8: YES YES YES
Case #9: YES NO NO
Case #10: YES YES YES
Case #11: YES YES YES
Case #12: YES NO YES
Case #13: NO YES YES
Case #14: YES YES NO
Case #15: YES YES NO
Case #16: YES YES YES
Case #17: YES YES YES
Case #18: YES YES YES
Case #19: YES NO NO
Case #20: YES YES YES
Case #21: YES YES NO
Case #22: NO YES NO
Case #23: YES NO NO
Case #24: NO YES NO
Case #25: YES YES YES
Case #26: NO YES YES
Case #27: YES YES YES
Case #28: NO YES YES
Case #29: YES YES NO
Case #30: NO YES YES
Case #31: YES NO NO
Case #32: NO YES NO
Case #33: NO YES NO
Case #34: YES YES YES
Case #35: YES YES YES
Case #36: NO YES NO
Case #37: YES YES NO
Case #38: NO YES NO
Case #39: YES YES YES
Case #40: NO YES NO
Case #41: YES YES YES
Case #42: YES YES YES
Case #43: YES YES NO
Case #44: YES YES YES
Case #45: YES YES YES
Case #46: YES NO YES
Case #47: YES YES NO
Case #48: NO NO YES
Case #49: YES NO NO
Case #50: YES YES YES
Case #51: YES NO NO
Case #52: YES YES YES
Case #53: YES YES YES
Case #54: YES YES NO
Case #55: YES YES NO
Case #56: NO NO YES
Case #57: NO YES YES
Case #58: NO NO YES
Case #59: YES NO NO
Case #60: NO NO YES
Case #61: YES YES YES
Case #62: NO YES NO
Case #63: YES NO NO
Case #64: NO YES NO
Case #65: NO YES YES
Case #66: YES YES NO
Case #67: YES NO YES
Case #68: YES NO YES
Case #69: YES YES YES
Case #70: YES YES NO
Case #71: YES YES NO
Case #72: YES NO YES
Case #73: YES NO NO
Case #74: NO YES NO
Case #75: NO YES NO
Case #76: NO YES NO
Case #77: YES YES YES
Case #78: NO YES NO
Case #79: NO YES NO
Case #80: YES NO NO
Case #81: YES YES YES
Case #82: YES YES NO
Case #83: YES YES NO
Case #84: YES YES YES
Case #85: YES YES NO
Case #86: YES YES YES
Case #87: NO YES NO
Case #88: NO YES YES
Case #89: YES YES NO
Case #90: YES YES YES
Case #91: YES YES YES
Case #92: NO YES NO
Case #93: YES YES YES
Case #94: NO YES NO
Case #95: NO YES NO
Case #96: NO YES NO
Case #97: NO YES NO
Case #98: YES NO NO
Case #99: YES YES YES
Case #100: YES NO NO
